<?xml version="1.0" encoding="UTF-8"?>
<!-- Generated by org.testng.reporters.JUnitReportReporter -->
<testsuite skipped="4" hostname="LAPTOP-F68V0COG" name="com.mavenproj.testcases.TC_LoginDDT_002" tests="4" failures="0" timestamp="2020-03-22T11:09:55 IST" time="0.000" errors="0">
  <testcase name="loginTest" time="0.000" classname="com.mavenproj.testcases.TC_LoginDDT_002">
    <skipped/>
  </testcase> <!-- loginTest -->
  <system-out/>
  <testcase name="loginTest" time="0.000" classname="com.mavenproj.testcases.TC_LoginDDT_002">
    <skipped/>
  </testcase> <!-- loginTest -->
  <system-out/>
  <testcase name="loginTest" time="0.000" classname="com.mavenproj.testcases.TC_LoginDDT_002">
    <skipped/>
  </testcase> <!-- loginTest -->
  <system-out/>
  <testcase name="loginTest" time="0.000" classname="com.mavenproj.testcases.TC_LoginDDT_002">
    <skipped/>
  </testcase> <!-- loginTest -->
  <system-out/>
</testsuite> <!-- com.mavenproj.testcases.TC_LoginDDT_002 -->
