<?xml version="1.0" encoding="UTF-8"?>
<!-- Generated by org.testng.reporters.JUnitReportReporter -->
<testsuite skipped="1" hostname="LAPTOP-F68V0COG" name="com.mavenproj.testcases.TC_AddCustomerTest_003" tests="1" failures="0" timestamp="2020-03-22T11:09:55 IST" time="0.000" errors="0">
  <testcase name="addNewCustomer" time="0.000" classname="com.mavenproj.testcases.TC_AddCustomerTest_003">
    <skipped/>
  </testcase> <!-- addNewCustomer -->
  <system-out/>
</testsuite> <!-- com.mavenproj.testcases.TC_AddCustomerTest_003 -->
