<?xml version="1.0" encoding="UTF-8"?>
<!-- Generated by org.testng.reporters.JUnitReportReporter -->
<testsuite skipped="0" hostname="LAPTOP-F68V0COG" name="log4jpack.Loginpage" tests="3" failures="0" timestamp="2020-02-27T16:22:29 IST" time="0.079" errors="0">
  <testcase name="setup" time="0.076" classname="log4jpack.Loginpage"/>
  <testcase name="login" time="0.001" classname="log4jpack.Loginpage"/>
  <testcase name="logout" time="0.002" classname="log4jpack.Loginpage"/>
</testsuite> <!-- log4jpack.Loginpage -->
