<?xml version="1.0" encoding="UTF-8"?>
<!-- Generated by org.testng.reporters.JUnitReportReporter -->
<testsuite skipped="0" hostname="LAPTOP-F68V0COG" name="testpackage.Crossbrowsertest" tests="8" failures="0" timestamp="2020-03-11T15:34:09 IST" time="41.717" errors="0">
  <testcase name="launch" time="18.272" classname="testpackage.Crossbrowsertest"/>
  <testcase name="launch" time="17.673" classname="testpackage.Crossbrowsertest"/>
  <testcase name="verifytitle" time="0.002" classname="testpackage.Crossbrowsertest"/>
  <testcase name="verifytitle" time="0.004" classname="testpackage.Crossbrowsertest"/>
  <testcase name="registration" time="0.003" classname="testpackage.Crossbrowsertest"/>
  <testcase name="registration" time="0.002" classname="testpackage.Crossbrowsertest"/>
  <testcase name="closebrowser" time="5.153" classname="testpackage.Crossbrowsertest"/>
  <testcase name="closebrowser" time="0.608" classname="testpackage.Crossbrowsertest"/>
</testsuite> <!-- testpackage.Crossbrowsertest -->
