<?xml version="1.0" encoding="UTF-8"?>
<!-- Generated by org.testng.reporters.JUnitReportReporter -->
<testsuite skipped="0" hostname="LAPTOP-F68V0COG" name="pageobjectmodel.Loginpage" tests="2" failures="0" timestamp="2020-03-02T15:48:59 IST" time="24.873" errors="0">
  <testcase name="setup" time="18.935" classname="pageobjectmodel.Loginpage"/>
  <testcase name="login" time="5.938" classname="pageobjectmodel.Loginpage"/>
</testsuite> <!-- pageobjectmodel.Loginpage -->
