<?xml version="1.0" encoding="UTF-8"?>
<!-- Generated by org.testng.reporters.JUnitReportReporter -->
<testsuite skipped="0" hostname="LAPTOP-F68V0COG" name="testpackage1.Firsttestngclass" tests="1" failures="0" timestamp="2020-02-22T15:39:18 IST" time="0.003" errors="0">
  <testcase name="demo" time="0.003" classname="testpackage1.Firsttestngclass"/>
</testsuite> <!-- testpackage1.Firsttestngclass -->
