<?xml version="1.0" encoding="UTF-8"?>
<!-- Generated by org.testng.reporters.JUnitReportReporter -->
<testsuite skipped="0" hostname="LAPTOP-F68V0COG" name="testpackage.Fourthtestclass" tests="2" failures="0" timestamp="2020-02-22T15:39:18 IST" time="0.013" errors="0">
  <testcase name="one" time="0.005" classname="testpackage.Fourthtestclass"/>
  <testcase name="two" time="0.008" classname="testpackage.Fourthtestclass"/>
</testsuite> <!-- testpackage.Fourthtestclass -->
