<?xml version="1.0" encoding="UTF-8"?>
<!-- Generated by org.testng.reporters.JUnitReportReporter -->
<testsuite skipped="0" hostname="LAPTOP-F68V0COG" name="testpackage1.Fourthtestclass" tests="2" failures="0" timestamp="2020-02-22T15:39:17 IST" time="0.004" errors="0">
  <testcase name="one" time="0.002" classname="testpackage1.Fourthtestclass"/>
  <testcase name="two" time="0.002" classname="testpackage1.Fourthtestclass"/>
</testsuite> <!-- testpackage1.Fourthtestclass -->
