<?xml version="1.0" encoding="UTF-8"?>
<!-- Generated by org.testng.reporters.JUnitReportReporter -->
<testsuite skipped="0" hostname="LAPTOP-F68V0COG" name="testpackage.Secondtestclass" tests="1" failures="0" timestamp="2020-01-22T23:52:03 IST" time="0.002" errors="0">
  <testcase name="one" time="0.002" classname="testpackage.Secondtestclass"/>
</testsuite> <!-- testpackage.Secondtestclass -->
