<?xml version="1.0" encoding="UTF-8"?>
<!-- Generated by org.testng.reporters.JUnitReportReporter -->
<testsuite skipped="0" hostname="LAPTOP-F68V0COG" name="listenerspack.Logintest" tests="3" failures="0" timestamp="2020-02-29T23:07:28 IST" time="14.815" errors="0">
  <testcase name="login" time="10.180" classname="listenerspack.Logintest"/>
  <testcase name="search" time="3.159" classname="listenerspack.Logintest"/>
  <testcase name="close" time="1.476" classname="listenerspack.Logintest"/>
</testsuite> <!-- listenerspack.Logintest -->
