<?xml version="1.0" encoding="UTF-8"?>
<!-- Generated by org.testng.reporters.JUnitReportReporter -->
<testsuite skipped="0" hostname="LAPTOP-F68V0COG" name="com.mavenproj.testcases.TC_Logintest_001" tests="1" failures="0" timestamp="2020-03-20T11:45:22 IST" time="15.961" errors="0">
  <testcase name="logintest" time="15.961" classname="com.mavenproj.testcases.TC_Logintest_001"/>
  <system-out/>
</testsuite> <!-- com.mavenproj.testcases.TC_Logintest_001 -->
