<?xml version="1.0" encoding="UTF-8"?>
<!-- Generated by org.testng.reporters.JUnitReportReporter -->
<testsuite skipped="0" hostname="LAPTOP-F68V0COG" name="listernerspackage.Logintest" tests="3" failures="0" timestamp="2020-02-25T14:51:35 IST" time="0.033" errors="0">
  <testcase name="setup" time="0.003" classname="listernerspackage.Logintest"/>
  <testcase name="loginByEmail" time="0.027" classname="listernerspackage.Logintest"/>
  <testcase name="loginByFfacebook" time="0.003" classname="listernerspackage.Logintest"/>
</testsuite> <!-- listernerspackage.Logintest -->
